#
# There is insufficient memory for the Java Runtime Environment to continue.
# Native memory allocation (mmap) failed to map 716177408 bytes for committing reserved memory.
# Possible reasons:
#   The system is out of physical RAM or swap space
#   In 32 bit mode, the process size limit was hit
# Possible solutions:
#   Reduce memory load on the system
#   Increase physical memory or swap space
#   Check if swap backing store is full
#   Use 64 bit Java on a 64 bit OS
#   Decrease Java heap size (-Xmx/-Xms)
#   Decrease number of Java threads
#   Decrease Java thread stack sizes (-Xss)
#   Set larger code cache with -XX:ReservedCodeCacheSize=
# This output file may be truncated or incomplete.
#
#  Out of Memory Error (os_linux.cpp:2673), pid=31666, tid=139828496852736
#
# JRE version:  (8.0_40-b25) (build )
# Java VM: Java HotSpot(TM) 64-Bit Server VM (25.40-b25 mixed mode linux-amd64 compressed oops)
# Failed to write core dump. Core dumps have been disabled. To enable core dumping, try "ulimit -c unlimited" before starting Java again
#

---------------  T H R E A D  ---------------

Current thread (0x00007f2c54009800):  JavaThread "Unknown thread" [_thread_in_vm, id=31667, stack(0x00007f2c5bd26000,0x00007f2c5be27000)]

Stack: [0x00007f2c5bd26000,0x00007f2c5be27000],  sp=0x00007f2c5be25370,  free space=1020k
Native frames: (J=compiled Java code, j=interpreted, Vv=VM code, C=native code)
V  [libjvm.so+0xaaca9a]  VMError::report_and_die()+0x2ba
V  [libjvm.so+0x4f333b]  report_vm_out_of_memory(char const*, int, unsigned long, VMErrorType, char const*)+0x8b
V  [libjvm.so+0x90e8c3]  os::Linux::commit_memory_impl(char*, unsigned long, bool)+0x103
V  [libjvm.so+0x90ee19]  os::pd_commit_memory(char*, unsigned long, unsigned long, bool)+0x29
V  [libjvm.so+0x90877a]  os::commit_memory(char*, unsigned long, unsigned long, bool)+0x2a
V  [libjvm.so+0x97bbc3]  PSVirtualSpace::expand_by(unsigned long)+0x53
V  [libjvm.so+0x96bc77]  PSOldGen::initialize(ReservedSpace, unsigned long, char const*, int)+0xb7
V  [libjvm.so+0x2d4cda]  AdjoiningGenerations::AdjoiningGenerations(ReservedSpace, GenerationSizer*, unsigned long)+0x39a
V  [libjvm.so+0x931816]  ParallelScavengeHeap::initialize()+0x1d6
V  [libjvm.so+0xa75bab]  Universe::initialize_heap()+0xfb
V  [libjvm.so+0xa75f1e]  universe_init()+0x3e
V  [libjvm.so+0x62f665]  init_globals()+0x65
V  [libjvm.so+0xa5a12e]  Threads::create_vm(JavaVMInitArgs*, bool*)+0x23e
V  [libjvm.so+0x6c3274]  JNI_CreateJavaVM+0x74
C  [libjli.so+0x745e]  JavaMain+0x9e
C  [libpthread.so.0+0x8182]  start_thread+0xc2


---------------  P R O C E S S  ---------------

Java Threads: ( => current thread )

Other Threads:

=>0x00007f2c54009800 (exited) JavaThread "Unknown thread" [_thread_in_vm, id=31667, stack(0x00007f2c5bd26000,0x00007f2c5be27000)]

VM state:not at safepoint (not fully initialized)

VM Mutex/Monitor currently owned by a thread: None

GC Heap History (0 events):
No events

Deoptimization events (0 events):
No events

Internal exceptions (0 events):
No events

Events (0 events):
No events


Dynamic libraries:
00400000-00401000 r-xp 00000000 08:13 9513                               /usr/lib/jvm/java-8-oracle/jre/bin/java
00600000-00601000 rw-p 00000000 08:13 9513                               /usr/lib/jvm/java-8-oracle/jre/bin/java
01423000-01444000 rw-p 00000000 00:00 0                                  [heap]
eab00000-100000000 rw-p 00000000 00:00 0 
7f2c4c000000-7f2c4c270000 rwxp 00000000 00:00 0 
7f2c4c270000-7f2c54000000 ---p 00000000 00:00 0 
7f2c54000000-7f2c54032000 rw-p 00000000 00:00 0 
7f2c54032000-7f2c58000000 ---p 00000000 00:00 0 
7f2c5883a000-7f2c58abe000 rw-p 00000000 00:00 0 
7f2c58abe000-7f2c58c13000 ---p 00000000 00:00 0 
7f2c58c13000-7f2c58cc9000 rw-p 00000000 00:00 0 
7f2c58cc9000-7f2c58ebf000 ---p 00000000 00:00 0 
7f2c58ebf000-7f2c58ed9000 r-xp 00000000 08:13 9775                       /usr/lib/jvm/java-8-oracle/jre/lib/amd64/libzip.so
7f2c58ed9000-7f2c590d9000 ---p 0001a000 08:13 9775                       /usr/lib/jvm/java-8-oracle/jre/lib/amd64/libzip.so
7f2c590d9000-7f2c590da000 rw-p 0001a000 08:13 9775                       /usr/lib/jvm/java-8-oracle/jre/lib/amd64/libzip.so
7f2c590da000-7f2c590e5000 r-xp 00000000 08:13 1194118                    /lib/x86_64-linux-gnu/libnss_files-2.19.so
7f2c590e5000-7f2c592e4000 ---p 0000b000 08:13 1194118                    /lib/x86_64-linux-gnu/libnss_files-2.19.so
7f2c592e4000-7f2c592e5000 r--p 0000a000 08:13 1194118                    /lib/x86_64-linux-gnu/libnss_files-2.19.so
7f2c592e5000-7f2c592e6000 rw-p 0000b000 08:13 1194118                    /lib/x86_64-linux-gnu/libnss_files-2.19.so
7f2c592e6000-7f2c592f1000 r-xp 00000000 08:13 1194138                    /lib/x86_64-linux-gnu/libnss_nis-2.19.so
7f2c592f1000-7f2c594f0000 ---p 0000b000 08:13 1194138                    /lib/x86_64-linux-gnu/libnss_nis-2.19.so
7f2c594f0000-7f2c594f1000 r--p 0000a000 08:13 1194138                    /lib/x86_64-linux-gnu/libnss_nis-2.19.so
7f2c594f1000-7f2c594f2000 rw-p 0000b000 08:13 1194138                    /lib/x86_64-linux-gnu/libnss_nis-2.19.so
7f2c594f2000-7f2c59509000 r-xp 00000000 08:13 1194127                    /lib/x86_64-linux-gnu/libnsl-2.19.so
7f2c59509000-7f2c59708000 ---p 00017000 08:13 1194127                    /lib/x86_64-linux-gnu/libnsl-2.19.so
7f2c59708000-7f2c59709000 r--p 00016000 08:13 1194127                    /lib/x86_64-linux-gnu/libnsl-2.19.so
7f2c59709000-7f2c5970a000 rw-p 00017000 08:13 1194127                    /lib/x86_64-linux-gnu/libnsl-2.19.so
7f2c5970a000-7f2c5970c000 rw-p 00000000 00:00 0 
7f2c5970c000-7f2c59715000 r-xp 00000000 08:13 1194126                    /lib/x86_64-linux-gnu/libnss_compat-2.19.so
7f2c59715000-7f2c59914000 ---p 00009000 08:13 1194126                    /lib/x86_64-linux-gnu/libnss_compat-2.19.so
7f2c59914000-7f2c59915000 r--p 00008000 08:13 1194126                    /lib/x86_64-linux-gnu/libnss_compat-2.19.so
7f2c59915000-7f2c59916000 rw-p 00009000 08:13 1194126                    /lib/x86_64-linux-gnu/libnss_compat-2.19.so
7f2c59916000-7f2c59940000 r-xp 00000000 08:13 9771                       /usr/lib/jvm/java-8-oracle/jre/lib/amd64/libjava.so
7f2c59940000-7f2c59b40000 ---p 0002a000 08:13 9771                       /usr/lib/jvm/java-8-oracle/jre/lib/amd64/libjava.so
7f2c59b40000-7f2c59b42000 rw-p 0002a000 08:13 9771                       /usr/lib/jvm/java-8-oracle/jre/lib/amd64/libjava.so
7f2c59b42000-7f2c59b4f000 r-xp 00000000 08:13 9781                       /usr/lib/jvm/java-8-oracle/jre/lib/amd64/libverify.so
7f2c59b4f000-7f2c59d4f000 ---p 0000d000 08:13 9781                       /usr/lib/jvm/java-8-oracle/jre/lib/amd64/libverify.so
7f2c59d4f000-7f2c59d51000 rw-p 0000d000 08:13 9781                       /usr/lib/jvm/java-8-oracle/jre/lib/amd64/libverify.so
7f2c59d51000-7f2c59d58000 r-xp 00000000 08:13 1194135                    /lib/x86_64-linux-gnu/librt-2.19.so
7f2c59d58000-7f2c59f57000 ---p 00007000 08:13 1194135                    /lib/x86_64-linux-gnu/librt-2.19.so
7f2c59f57000-7f2c59f58000 r--p 00006000 08:13 1194135                    /lib/x86_64-linux-gnu/librt-2.19.so
7f2c59f58000-7f2c59f59000 rw-p 00007000 08:13 1194135                    /lib/x86_64-linux-gnu/librt-2.19.so
7f2c59f59000-7f2c5a05e000 r-xp 00000000 08:13 1194114                    /lib/x86_64-linux-gnu/libm-2.19.so
7f2c5a05e000-7f2c5a25d000 ---p 00105000 08:13 1194114                    /lib/x86_64-linux-gnu/libm-2.19.so
7f2c5a25d000-7f2c5a25e000 r--p 00104000 08:13 1194114                    /lib/x86_64-linux-gnu/libm-2.19.so
7f2c5a25e000-7f2c5a25f000 rw-p 00105000 08:13 1194114                    /lib/x86_64-linux-gnu/libm-2.19.so
7f2c5a25f000-7f2c5af0d000 r-xp 00000000 08:13 9818                       /usr/lib/jvm/java-8-oracle/jre/lib/amd64/server/libjvm.so
7f2c5af0d000-7f2c5b10c000 ---p 00cae000 08:13 9818                       /usr/lib/jvm/java-8-oracle/jre/lib/amd64/server/libjvm.so
7f2c5b10c000-7f2c5b1e3000 rw-p 00cad000 08:13 9818                       /usr/lib/jvm/java-8-oracle/jre/lib/amd64/server/libjvm.so
7f2c5b1e3000-7f2c5b227000 rw-p 00000000 00:00 0 
7f2c5b227000-7f2c5b3e2000 r-xp 00000000 08:13 1194132                    /lib/x86_64-linux-gnu/libc-2.19.so
7f2c5b3e2000-7f2c5b5e1000 ---p 001bb000 08:13 1194132                    /lib/x86_64-linux-gnu/libc-2.19.so
7f2c5b5e1000-7f2c5b5e5000 r--p 001ba000 08:13 1194132                    /lib/x86_64-linux-gnu/libc-2.19.so
7f2c5b5e5000-7f2c5b5e7000 rw-p 001be000 08:13 1194132                    /lib/x86_64-linux-gnu/libc-2.19.so
7f2c5b5e7000-7f2c5b5ec000 rw-p 00000000 00:00 0 
7f2c5b5ec000-7f2c5b5ef000 r-xp 00000000 08:13 1194121                    /lib/x86_64-linux-gnu/libdl-2.19.so
7f2c5b5ef000-7f2c5b7ee000 ---p 00003000 08:13 1194121                    /lib/x86_64-linux-gnu/libdl-2.19.so
7f2c5b7ee000-7f2c5b7ef000 r--p 00002000 08:13 1194121                    /lib/x86_64-linux-gnu/libdl-2.19.so
7f2c5b7ef000-7f2c5b7f0000 rw-p 00003000 08:13 1194121                    /lib/x86_64-linux-gnu/libdl-2.19.so
7f2c5b7f0000-7f2c5b805000 r-xp 00000000 08:13 9795                       /usr/lib/jvm/java-8-oracle/jre/lib/amd64/jli/libjli.so
7f2c5b805000-7f2c5ba05000 ---p 00015000 08:13 9795                       /usr/lib/jvm/java-8-oracle/jre/lib/amd64/jli/libjli.so
7f2c5ba05000-7f2c5ba06000 rw-p 00015000 08:13 9795                       /usr/lib/jvm/java-8-oracle/jre/lib/amd64/jli/libjli.so
7f2c5ba06000-7f2c5ba1f000 r-xp 00000000 08:13 1194133                    /lib/x86_64-linux-gnu/libpthread-2.19.so
7f2c5ba1f000-7f2c5bc1e000 ---p 00019000 08:13 1194133                    /lib/x86_64-linux-gnu/libpthread-2.19.so
7f2c5bc1e000-7f2c5bc1f000 r--p 00018000 08:13 1194133                    /lib/x86_64-linux-gnu/libpthread-2.19.so
7f2c5bc1f000-7f2c5bc20000 rw-p 00019000 08:13 1194133                    /lib/x86_64-linux-gnu/libpthread-2.19.so
7f2c5bc20000-7f2c5bc24000 rw-p 00000000 00:00 0 
7f2c5bc24000-7f2c5bc47000 r-xp 00000000 08:13 1194129                    /lib/x86_64-linux-gnu/ld-2.19.so
7f2c5bd26000-7f2c5bd29000 ---p 00000000 00:00 0 
7f2c5bd29000-7f2c5be2b000 rw-p 00000000 00:00 0                          [stack:31667]
7f2c5be37000-7f2c5be3a000 rw-p 00000000 00:00 0 
7f2c5be3a000-7f2c5be42000 rw-s 00000000 08:13 552218                     /tmp/hsperfdata_farhad/31666
7f2c5be42000-7f2c5be43000 rw-p 00000000 00:00 0 
7f2c5be43000-7f2c5be44000 r--p 00000000 00:00 0 
7f2c5be44000-7f2c5be46000 rw-p 00000000 00:00 0 
7f2c5be46000-7f2c5be47000 r--p 00022000 08:13 1194129                    /lib/x86_64-linux-gnu/ld-2.19.so
7f2c5be47000-7f2c5be48000 rw-p 00023000 08:13 1194129                    /lib/x86_64-linux-gnu/ld-2.19.so
7f2c5be48000-7f2c5be49000 rw-p 00000000 00:00 0 
7fff5effa000-7fff5f01b000 rw-p 00000000 00:00 0                          [stack]
7fff5f18a000-7fff5f18c000 r-xp 00000000 00:00 0                          [vdso]
7fff5f18c000-7fff5f18e000 r--p 00000000 00:00 0                          [vvar]
ffffffffff600000-ffffffffff601000 r-xp 00000000 00:00 0                  [vsyscall]

VM Arguments:
jvm_args: -Xms1024m -Xmx1024m -XX:ReservedCodeCacheSize=128m 
java_command: /usr/share/sbt-launcher-packaging/bin/sbt-launch.jar run
java_class_path (initial): /usr/share/sbt-launcher-packaging/bin/sbt-launch.jar
Launcher Type: SUN_STANDARD

Environment Variables:
CLASSPATH=./../lib/bootstrap.jar:./../lib/extensions.jar:./../lib/util.jar:./../lib/jdom.jar:./../lib/log4j.jar:./../lib/trove4j.jar:./../lib/jna.jar:/usr/lib/jvm/java-8-oracle/lib/tools.jar
PATH=/usr/local/sbin:/usr/local/bin:/usr/sbin:/usr/bin:/sbin:/bin:/usr/games:/usr/local/games
LD_LIBRARY_PATH=.:
SHELL=/bin/bash
DISPLAY=:0

Signal Handlers:
SIGSEGV: [libjvm.so+0xaad2e0], sa_mask[0]=11111111011111111101111111111110, sa_flags=SA_RESTART|SA_SIGINFO
SIGBUS: [libjvm.so+0xaad2e0], sa_mask[0]=11111111011111111101111111111110, sa_flags=SA_RESTART|SA_SIGINFO
SIGFPE: [libjvm.so+0x90b550], sa_mask[0]=11111111011111111101111111111110, sa_flags=SA_RESTART|SA_SIGINFO
SIGPIPE: [libjvm.so+0x90b550], sa_mask[0]=11111111011111111101111111111110, sa_flags=SA_RESTART|SA_SIGINFO
SIGXFSZ: [libjvm.so+0x90b550], sa_mask[0]=11111111011111111101111111111110, sa_flags=SA_RESTART|SA_SIGINFO
SIGILL: [libjvm.so+0x90b550], sa_mask[0]=11111111011111111101111111111110, sa_flags=SA_RESTART|SA_SIGINFO
SIGUSR1: SIG_DFL, sa_mask[0]=00000000000000000000000000000000, sa_flags=none
SIGUSR2: [libjvm.so+0x90cb90], sa_mask[0]=00100000000000000000000000000000, sa_flags=SA_RESTART|SA_SIGINFO
SIGHUP: SIG_DFL, sa_mask[0]=00000000000000000000000000000000, sa_flags=none
SIGINT: SIG_DFL, sa_mask[0]=00000000000000000000000000000000, sa_flags=none
SIGTERM: SIG_DFL, sa_mask[0]=00000000000000000000000000000000, sa_flags=none
SIGQUIT: SIG_DFL, sa_mask[0]=00000000000000000000000000000000, sa_flags=none


---------------  S Y S T E M  ---------------

OS:DISTRIB_ID=Ubuntu
DISTRIB_RELEASE=14.04
DISTRIB_CODENAME=trusty
DISTRIB_DESCRIPTION="Ubuntu 14.04.2 LTS"

uname:Linux 3.16.0-31-generic #41~14.04.1-Ubuntu SMP Wed Feb 11 19:30:13 UTC 2015 x86_64
libc:glibc 2.19 NPTL 2.19 
rlimit: STACK 8192k, CORE 0k, NPROC 31186, NOFILE 4096, AS infinity
load average:0.31 0.35 0.37

/proc/meminfo:
MemTotal:        8040240 kB
MemFree:          228932 kB
MemAvailable:     513924 kB
Buffers:          123844 kB
Cached:           491156 kB
SwapCached:         9664 kB
Active:          6082116 kB
Inactive:        1498320 kB
Active(anon):    5870044 kB
Inactive(anon):  1275408 kB
Active(file):     212072 kB
Inactive(file):   222912 kB
Unevictable:          32 kB
Mlocked:              32 kB
SwapTotal:        999420 kB
SwapFree:          35112 kB
Dirty:                76 kB
Writeback:             0 kB
AnonPages:       6956324 kB
Mapped:           155356 kB
Shmem:            179692 kB
Slab:              73520 kB
SReclaimable:      37900 kB
SUnreclaim:        35620 kB
KernelStack:       11728 kB
PageTables:        47360 kB
NFS_Unstable:          0 kB
Bounce:                0 kB
WritebackTmp:          0 kB
CommitLimit:     5019540 kB
Committed_AS:   17862284 kB
VmallocTotal:   34359738367 kB
VmallocUsed:      374100 kB
VmallocChunk:   34359289972 kB
HardwareCorrupted:     0 kB
AnonHugePages:   3108864 kB
HugePages_Total:       0
HugePages_Free:        0
HugePages_Rsvd:        0
HugePages_Surp:        0
Hugepagesize:       2048 kB
DirectMap4k:      115600 kB
DirectMap2M:     8136704 kB


CPU:total 4 (2 cores per cpu, 2 threads per core) family 6 model 58 stepping 9, cmov, cx8, fxsr, mmx, sse, sse2, sse3, ssse3, sse4.1, sse4.2, popcnt, avx, aes, clmul, erms, ht, tsc, tscinvbit, tscinv

/proc/cpuinfo:
processor	: 0
vendor_id	: GenuineIntel
cpu family	: 6
model		: 58
model name	: Intel(R) Core(TM) i5-3317U CPU @ 1.70GHz
stepping	: 9
microcode	: 0x12
cpu MHz		: 1774.839
cache size	: 3072 KB
physical id	: 0
siblings	: 4
core id		: 0
cpu cores	: 2
apicid		: 0
initial apicid	: 0
fpu		: yes
fpu_exception	: yes
cpuid level	: 13
wp		: yes
flags		: fpu vme de pse tsc msr pae mce cx8 apic sep mtrr pge mca cmov pat pse36 clflush dts acpi mmx fxsr sse sse2 ss ht tm pbe syscall nx rdtscp lm constant_tsc arch_perfmon pebs bts rep_good nopl xtopology nonstop_tsc aperfmperf eagerfpu pni pclmulqdq dtes64 monitor ds_cpl vmx est tm2 ssse3 cx16 xtpr pdcm pcid sse4_1 sse4_2 x2apic popcnt tsc_deadline_timer aes xsave avx f16c rdrand lahf_lm ida arat epb xsaveopt pln pts dtherm tpr_shadow vnmi flexpriority ept vpid fsgsbase smep erms
bogomips	: 3392.18
clflush size	: 64
cache_alignment	: 64
address sizes	: 36 bits physical, 48 bits virtual
power management:

processor	: 1
vendor_id	: GenuineIntel
cpu family	: 6
model		: 58
model name	: Intel(R) Core(TM) i5-3317U CPU @ 1.70GHz
stepping	: 9
microcode	: 0x12
cpu MHz		: 2172.015
cache size	: 3072 KB
physical id	: 0
siblings	: 4
core id		: 1
cpu cores	: 2
apicid		: 2
initial apicid	: 2
fpu		: yes
fpu_exception	: yes
cpuid level	: 13
wp		: yes
flags		: fpu vme de pse tsc msr pae mce cx8 apic sep mtrr pge mca cmov pat pse36 clflush dts acpi mmx fxsr sse sse2 ss ht tm pbe syscall nx rdtscp lm constant_tsc arch_perfmon pebs bts rep_good nopl xtopology nonstop_tsc aperfmperf eagerfpu pni pclmulqdq dtes64 monitor ds_cpl vmx est tm2 ssse3 cx16 xtpr pdcm pcid sse4_1 sse4_2 x2apic popcnt tsc_deadline_timer aes xsave avx f16c rdrand lahf_lm ida arat epb xsaveopt pln pts dtherm tpr_shadow vnmi flexpriority ept vpid fsgsbase smep erms
bogomips	: 3392.18
clflush size	: 64
cache_alignment	: 64
address sizes	: 36 bits physical, 48 bits virtual
power management:

processor	: 2
vendor_id	: GenuineIntel
cpu family	: 6
model		: 58
model name	: Intel(R) Core(TM) i5-3317U CPU @ 1.70GHz
stepping	: 9
microcode	: 0x12
cpu MHz		: 2312.265
cache size	: 3072 KB
physical id	: 0
siblings	: 4
core id		: 0
cpu cores	: 2
apicid		: 1
initial apicid	: 1
fpu		: yes
fpu_exception	: yes
cpuid level	: 13
wp		: yes
flags		: fpu vme de pse tsc msr pae mce cx8 apic sep mtrr pge mca cmov pat pse36 clflush dts acpi mmx fxsr sse sse2 ss ht tm pbe syscall nx rdtscp lm constant_tsc arch_perfmon pebs bts rep_good nopl xtopology nonstop_tsc aperfmperf eagerfpu pni pclmulqdq dtes64 monitor ds_cpl vmx est tm2 ssse3 cx16 xtpr pdcm pcid sse4_1 sse4_2 x2apic popcnt tsc_deadline_timer aes xsave avx f16c rdrand lahf_lm ida arat epb xsaveopt pln pts dtherm tpr_shadow vnmi flexpriority ept vpid fsgsbase smep erms
bogomips	: 3392.18
clflush size	: 64
cache_alignment	: 64
address sizes	: 36 bits physical, 48 bits virtual
power management:

processor	: 3
vendor_id	: GenuineIntel
cpu family	: 6
model		: 58
model name	: Intel(R) Core(TM) i5-3317U CPU @ 1.70GHz
stepping	: 9
microcode	: 0x12
cpu MHz		: 2224.675
cache size	: 3072 KB
physical id	: 0
siblings	: 4
core id		: 1
cpu cores	: 2
apicid		: 3
initial apicid	: 3
fpu		: yes
fpu_exception	: yes
cpuid level	: 13
wp		: yes
flags		: fpu vme de pse tsc msr pae mce cx8 apic sep mtrr pge mca cmov pat pse36 clflush dts acpi mmx fxsr sse sse2 ss ht tm pbe syscall nx rdtscp lm constant_tsc arch_perfmon pebs bts rep_good nopl xtopology nonstop_tsc aperfmperf eagerfpu pni pclmulqdq dtes64 monitor ds_cpl vmx est tm2 ssse3 cx16 xtpr pdcm pcid sse4_1 sse4_2 x2apic popcnt tsc_deadline_timer aes xsave avx f16c rdrand lahf_lm ida arat epb xsaveopt pln pts dtherm tpr_shadow vnmi flexpriority ept vpid fsgsbase smep erms
bogomips	: 3392.18
clflush size	: 64
cache_alignment	: 64
address sizes	: 36 bits physical, 48 bits virtual
power management:



Memory: 4k page, physical 8040240k(228932k free), swap 999420k(35112k free)

vm_info: Java HotSpot(TM) 64-Bit Server VM (25.40-b25) for linux-amd64 JRE (1.8.0_40-b25), built on Feb 10 2015 21:29:53 by "java_re" with gcc 4.3.0 20080428 (Red Hat 4.3.0-8)

time: Fri Mar 20 20:48:41 2015
elapsed time: 0 seconds (0d 0h 0m 0s)

